<?xml version="1.0" encoding="UTF-8"?>
<!-- Generated by org.testng.reporters.JUnitXMLReporter -->
<testsuite ignored="2" hostname="DESKTOP-P9MM3AH" failures="0" tests="3" name="SmokeTest" time="33.202" errors="0" timestamp="2024-04-02T12:00:01 IST">
  <testcase classname="TestScripts.loginTest" name="Verifyinglogin" time="10.615"/>
  <testcase classname="TestScripts.OrgEditionandCurrencyCheck" name="orgEdtitionCheck" time="22.454"/>
  <testcase classname="TestScripts.OrgEditionandCurrencyCheck" name="currecyIsSetToUsd" time="0.039"/>
  <testcase classname="baseClass.baseClass" name="@AfterSuite tearDown" time="0.0">
    <ignored/>
  </testcase> <!-- @AfterSuite tearDown -->
  <testcase classname="baseClass.baseClass" name="@BeforeSuite setUpforReport" time="0.0">
    <ignored/>
  </testcase> <!-- @BeforeSuite setUpforReport -->
</testsuite> <!-- SmokeTest -->
