<?xml version="1.0" encoding="UTF-8"?>
<!-- Generated by org.testng.reporters.JUnitXMLReporter -->
<testsuite ignored="0" hostname="ETGLENLT30-PC" failures="1" tests="1" name="SmokeTest" time="100.853" errors="0" timestamp="2024-04-17T17:01:40 IST">
  <testcase classname="TestScripts.CheckOrderSummeries" name="orderSummeries" time="99.118">
    <failure type="java.lang.NumberFormatException" message="empty String">
      <![CDATA[java.lang.NumberFormatException: empty String
at java.base/jdk.internal.math.FloatingDecimal.readJavaFormatString(FloatingDecimal.java:1842)
at java.base/jdk.internal.math.FloatingDecimal.parseDouble(FloatingDecimal.java:110)
at java.base/java.lang.Double.parseDouble(Double.java:792)
at TestScripts.CheckOrderSummeries.AllocatedPrice(CheckOrderSummeries.java:100)
at TestScripts.CheckOrderSummeries.orderSummeries(CheckOrderSummeries.java:32)
at java.base/java.util.ArrayList.forEach(ArrayList.java:1511)
... Removed 25 stack frames]]>
    </failure>
  </testcase> <!-- orderSummeries -->
</testsuite> <!-- SmokeTest -->
